JvmtiExport can_access_local_variables 0
JvmtiExport can_hotswap_or_post_breakpoint 0
JvmtiExport can_post_on_exceptions 0
# 155 ciObject found
ciMethod java/lang/String startsWith (Ljava/lang/String;I)Z 4097 1 6838 0 480
ciMethod java/lang/String startsWith (Ljava/lang/String;)Z 4097 1 10476 0 -1
ciMethod java/lang/String endsWith (Ljava/lang/String;)Z 4097 1 3445 0 0
ciMethod java/lang/String indexOf (Ljava/lang/String;)I 2049 1 955 0 -1
ciMethod java/lang/String replace (CC)Ljava/lang/String; 945 32889 742 0 -1
ciMethod java/io/File <init> (Ljava/io/File;Ljava/lang/String;)V 977 1 122 0 -1
ciMethod java/io/File getPath ()Ljava/lang/String; 12289 1 1536 0 -1
ciMethod java/io/File getCanonicalFile ()Ljava/io/File; 4097 1 771 0 -1
ciMethod java/io/File exists ()Z 1041 1 1037 0 -1
ciMethod java/net/URL <init> (Ljava/net/URL;Ljava/lang/String;)V 705 1 484 0 -1
ciMethod java/net/URL getFile ()Ljava/lang/String; 1025 1 128 0 -1
ciMethod java/util/ArrayList size ()I 1025 1 128 0 -1
ciMethod java/util/ArrayList get (I)Ljava/lang/Object; 1985 1 9090 0 -1
ciMethod sun/misc/MetaIndex mayContain (Ljava/lang/String;)Z 1825 8057 1661 0 0
ciMethod sun/net/www/ParseUtil encodePath (Ljava/lang/String;Z)Ljava/lang/String; 1681 106497 1007 0 -1
ciMethod java/util/HashSet <init> ()V 17 1 65 0 -1
ciMethod sun/misc/URLClassPath getResource (Ljava/lang/String;Z)Lsun/misc/Resource; 985 17113 623 0 -1
ciMethod sun/misc/URLClassPath getLookupCacheForClassLoader (Ljava/lang/ClassLoader;Ljava/lang/String;)[I 0 0 1 0 -1
ciMethod sun/misc/URLClassPath getLookupCache (Ljava/lang/String;)[I 1017 1 653 0 0
ciMethod sun/misc/URLClassPath ensureLoaderOpened (I)Z 0 0 1 0 0
ciMethod sun/misc/URLClassPath getNextLoader ([II)Lsun/misc/URLClassPath$Loader; 2113 1 9456 0 9248
ciMethod sun/misc/URLClassPath getLoader (I)Lsun/misc/URLClassPath$Loader; 2121 129 9455 0 -1
ciMethod sun/misc/URLClassPath check (Ljava/net/URL;)V 169 1 21 0 -1
ciMethodData java/lang/String startsWith (Ljava/lang/String;I)Z 2 24921 orig 264 88 115 76 118 0 0 0 0 248 77 105 33 0 0 0 0 176 1 0 0 0 0 0 0 0 0 0 0 0 0 0 0 0 0 0 0 0 0 0 0 0 0 0 0 0 0 0 0 0 0 0 0 0 0 0 0 0 0 0 0 0 0 0 0 0 0 0 0 0 0 0 0 0 0 0 0 0 0 0 0 77 68 79 32 101 120 116 114 97 32 100 97 116 97 32 108 111 99 107 0 0 0 0 0 0 0 0 0 0 0 0 0 0 0 0 0 0 0 0 0 0 0 0 0 0 0 0 0 0 0 0 0 0 0 0 0 0 0 0 0 0 0 0 0 1 0 0 0 0 0 0 0 0 0 0 0 0 0 0 0 0 0 0 0 0 0 0 0 0 0 0 0 0 0 0 0 0 0 0 1 0 0 0 0 0 0 0 0 0 0 0 0 0 0 0 0 0 0 0 0 0 0 0 0 0 0 0 0 0 0 0 0 0 0 0 0 0 2 0 0 177 197 0 0 201 10 3 0 5 20 0 0 121 40 0 0 2 0 0 0 1 0 13 0 2 0 0 0 128 0 0 0 255 255 255 255 7 224 25 0 0 0 0 0 data 16 0x19e007 0x5 0x40 0x18b2 0x250007 0x17f4 0x20 0xbe 0x2f0007 0x143 0x40 0x65e6 0x410007 0x4f35 0xffffffffffffffe0 0x16b1 oops 0
ciMethodData java/lang/String endsWith (Ljava/lang/String;)Z 2 3445 orig 264 88 115 76 118 0 0 0 0 48 79 105 33 0 0 0 0 128 1 0 0 0 0 0 0 0 0 0 0 0 0 0 0 0 0 0 0 0 0 0 0 0 0 0 0 0 0 0 0 0 0 0 0 0 0 0 0 0 0 0 0 0 0 0 0 0 0 0 0 0 0 0 0 0 0 0 0 0 0 0 0 77 68 79 32 101 120 116 114 97 32 100 97 116 97 32 108 111 99 107 0 0 0 0 0 0 0 0 0 0 0 0 0 0 0 0 0 0 0 0 0 0 0 0 0 0 0 0 0 0 0 0 0 0 0 0 0 0 0 0 0 0 0 0 0 0 0 0 0 0 0 0 0 0 0 0 0 0 0 0 0 0 0 0 0 0 0 0 0 0 0 0 0 0 0 0 0 0 0 0 0 0 0 0 0 0 0 0 0 0 0 0 0 0 0 0 0 0 0 0 0 0 0 0 0 0 0 0 0 0 0 0 0 0 0 0 0 0 2 0 0 169 91 0 0 1 0 0 0 0 0 0 0 0 0 0 0 2 0 0 0 0 0 3 0 2 0 0 0 48 0 0 0 255 255 255 255 5 0 13 0 0 0 0 0 data 6 0xd0005 0x101 0x21f5ae20 0xa74 0x0 0x0 oops 1 2 java/lang/String
ciMethod sun/misc/URLClassPath$JarLoader ensureOpen ()V 321 1 5379 12 -1
ciMethod sun/misc/URLClassPath$JarLoader checkResource (Ljava/lang/String;ZLjava/util/jar/JarEntry;)Lsun/misc/Resource; 153 1 235 0 -1
ciMethod sun/misc/URLClassPath$JarLoader getResource (Ljava/lang/String;Z)Lsun/misc/Resource; 2089 1 21369 0 1696
ciMethod sun/misc/URLClassPath$JarLoader getResource (Ljava/lang/String;ZLjava/util/Set;)Lsun/misc/Resource; 0 0 172 0 -1
ciMethod sun/misc/URLClassPath$Loader getBaseURL ()Ljava/net/URL; 1025 1 128 0 -1
ciMethod sun/misc/URLClassPath$Loader getResource (Ljava/lang/String;Z)Lsun/misc/Resource; 0 0 1 0 -1
ciMethod java/util/jar/JarFile getJarEntry (Ljava/lang/String;)Ljava/util/jar/JarEntry; 337 1 21173 0 -1
ciMethodData sun/misc/URLClassPath$JarLoader getResource (Ljava/lang/String;Z)Lsun/misc/Resource; 2 21369 orig 264 88 115 76 118 0 0 0 0 64 73 137 33 0 0 0 0 224 2 0 0 32 0 0 0 0 0 0 0 0 0 0 0 0 0 0 0 0 0 0 0 0 0 0 0 0 0 0 0 0 0 0 0 0 0 0 0 0 0 0 0 0 0 0 0 0 0 0 0 0 0 0 0 0 0 0 0 0 0 0 0 77 68 79 32 101 120 116 114 97 32 100 97 116 97 32 108 111 99 107 0 0 0 0 0 0 0 0 0 0 0 0 0 0 0 0 0 0 0 0 0 0 0 0 0 0 0 0 0 0 0 0 0 0 0 0 0 0 0 0 0 0 0 0 0 1 0 0 0 0 0 0 0 0 0 0 0 0 0 0 0 0 0 0 0 0 0 0 0 0 0 0 0 0 0 0 0 0 0 0 0 0 0 0 0 0 0 0 0 0 0 0 0 0 0 0 0 0 0 0 0 0 0 0 0 0 0 0 0 0 0 0 0 0 0 0 0 5 1 0 0 161 147 2 0 1 0 0 0 75 34 0 0 0 0 0 0 2 0 0 0 0 0 15 0 2 0 0 0 136 1 0 0 255 255 255 255 7 0 4 0 0 0 0 0 data 49 0x40007 0x4cdd 0x70 0x597 0xc0005 0x0 0xecec87d0 0x597 0x0 0x0 0xf0007 0xa 0x20 0x58e 0x150002 0x4ce7 0x180003 0x4ce7 0x28 0x210002 0x0 0x2a0005 0x0 0xebc3efc0 0x4ce7 0x0 0x0 0x2f0007 0x4c8a 0x50 0x5d 0x360005 0x0 0x7458a2c0 0x5d 0x0 0x0 0x3e0007 0x34 0x20 0x4c56 0x470002 0x34 0x510005 0x0 0x7458a2c0 0x34 0x0 0x0 oops 4 6 sun/misc/MetaIndex 23 java/util/jar/JarFile 33 sun/misc/URLClassPath$JarLoader 45 sun/misc/URLClassPath$JarLoader
ciMethodData sun/misc/MetaIndex mayContain (Ljava/lang/String;)Z 2 7654 orig 264 88 115 76 118 0 0 0 0 64 238 128 33 0 0 0 0 72 2 0 0 192 0 0 0 0 0 0 0 0 0 0 0 0 0 0 0 0 0 0 0 0 0 0 0 0 0 0 0 0 0 0 0 0 0 0 0 0 0 0 0 0 0 0 0 0 0 0 0 0 0 0 0 0 0 0 0 0 0 0 0 77 68 79 32 101 120 116 114 97 32 100 97 116 97 32 108 111 99 107 0 0 0 0 0 0 0 0 0 0 0 0 0 0 0 0 0 0 0 0 0 0 0 0 0 0 0 0 0 0 0 0 0 0 0 0 0 0 0 0 0 0 0 0 0 0 0 0 0 0 0 0 0 0 0 0 0 0 0 0 0 0 0 0 0 0 0 0 0 0 0 0 0 0 0 0 0 0 0 0 1 0 0 0 0 0 0 0 0 0 0 0 0 0 0 0 0 0 0 0 0 0 0 0 0 0 0 0 0 0 0 0 0 0 0 0 0 239 3 0 0 201 44 0 0 185 207 0 0 86 4 0 0 119 19 0 0 2 0 0 0 1 0 13 0 2 0 0 0 248 0 0 0 255 255 255 255 7 0 4 0 0 0 0 0 data 31 0x40007 0x42c 0x70 0x16d 0xa0005 0x25 0x21f5ae20 0x148 0x0 0x0 0xd0007 0x149 0x20 0x24 0x1c0007 0x56c 0x88 0x1a00 0x230005 0x27d 0x21f5ae20 0x1783 0x0 0x0 0x26e007 0x19f7 0x20 0xa 0x2e0003 0x19f7 0xffffffffffffff90 oops 2 6 java/lang/String 20 java/lang/String
ciMethod sun/misc/URLClassPath$FileLoader getResource (Ljava/lang/String;Z)Lsun/misc/Resource; 689 1 86 0 0
ciMethodData sun/misc/URLClassPath getResource (Ljava/lang/String;Z)Lsun/misc/Resource; 2 59657 orig 264 88 115 76 118 0 0 0 0 48 153 133 33 0 0 0 0 32 3 0 0 176 1 0 0 0 0 0 0 0 0 0 0 0 0 0 0 0 0 0 0 0 0 0 0 0 0 0 0 0 0 0 0 0 0 0 0 0 0 0 0 0 0 0 0 0 0 0 0 0 0 0 0 0 0 0 0 0 0 0 0 77 68 79 32 101 120 116 114 97 32 100 97 116 97 32 108 111 99 107 0 0 0 0 0 0 0 0 0 0 0 0 0 0 0 0 0 0 0 0 0 0 0 0 0 0 0 0 0 0 0 0 0 0 0 0 0 0 0 0 0 0 0 0 0 0 0 0 0 0 0 0 0 0 0 0 0 0 0 0 0 0 0 0 0 0 0 0 0 0 0 0 0 0 0 0 0 0 0 0 0 0 0 0 0 0 0 0 0 0 0 0 0 0 0 0 0 0 0 0 0 0 0 0 0 0 0 0 0 0 0 0 0 0 0 0 0 91 8 0 0 161 15 0 0 9 5 7 0 0 0 0 0 0 0 0 0 2 0 0 0 1 0 9 0 2 0 0 0 200 1 0 0 255 255 255 255 7 0 3 0 0 0 0 0 data 57 0x30007 0x1f4 0x120 0x0 0xd0002 0x0 0x120005 0x0 0x0 0x0 0x0 0x0 0x160005 0x0 0x0 0x0 0x0 0x0 0x1b0005 0x0 0x0 0x0 0x0 0x0 0x1e0005 0x0 0x0 0x0 0x0 0x0 0x210005 0x0 0x0 0x0 0x0 0x0 0x260002 0x1f4 0x330002 0xe1ff 0x380007 0x145 0x88 0xe0ba 0x3e0005 0x0 0x7458a2c0 0xe073 0x7458a370 0x47 0x450007 0xe00b 0x20 0xae 0x4e0003 0xe00b 0xffffffffffffff80 oops 2 46 sun/misc/URLClassPath$JarLoader 48 sun/misc/URLClassPath$FileLoader
ciMethodData sun/misc/URLClassPath getLookupCache (Ljava/lang/String;)[I 1 653 orig 264 88 115 76 118 0 0 0 0 80 160 133 33 0 0 0 0 144 3 0 0 32 0 0 0 0 0 0 0 0 0 0 0 0 0 0 0 0 0 0 0 0 0 0 0 0 0 0 0 0 0 0 0 0 0 0 0 0 0 0 0 0 0 0 0 0 0 0 0 0 0 0 0 0 0 0 0 0 0 0 0 77 68 79 32 101 120 116 114 97 32 100 97 116 97 32 108 111 99 107 0 0 0 0 0 0 0 0 0 0 0 0 0 0 0 0 0 0 0 0 0 0 0 0 0 0 0 0 0 0 0 0 0 0 0 0 0 0 0 0 0 0 0 0 0 0 0 0 0 0 0 0 0 0 0 0 0 0 0 0 0 0 0 0 0 0 0 0 0 0 0 0 0 0 0 0 0 0 0 0 0 0 0 0 0 0 0 0 0 0 0 0 0 0 0 0 0 0 0 0 0 0 0 0 0 0 0 0 0 0 0 0 0 0 0 0 0 127 0 0 0 113 16 0 0 1 0 0 0 0 0 0 0 0 0 0 0 2 0 0 0 0 0 16 0 2 0 0 0 64 2 0 0 255 255 255 255 7 0 4 0 0 0 0 0 data 72 0x40007 0x20e 0x40 0x0 0xa0007 0x0 0x20 0x0 0x140002 0x0 0x190007 0x0 0x1f0 0x0 0x1e0007 0x0 0x1d0 0x0 0x2a0002 0x0 0x2d0007 0x0 0x1a0 0x0 0x330007 0x0 0x180 0x0 0x3d0002 0x0 0x420005 0x0 0x0 0x0 0x0 0x0 0x490005 0x0 0x0 0x0 0x0 0x0 0x4c0005 0x0 0x0 0x0 0x0 0x0 0x510005 0x0 0x0 0x0 0x0 0x0 0x550005 0x0 0x0 0x0 0x0 0x0 0x580005 0x0 0x0 0x0 0x0 0x0 0x5b0005 0x0 0x0 0x0 0x0 0x0 oops 0
instanceKlass com/mathworks/ddux/QueueEntry
instanceKlass sun/util/calendar/CalendarSystem
instanceKlass com/mathworks/webservices/udc/model/Event
instanceKlass com/sun/xml/internal/bind/v2/runtime/reflect/Lister$IDREFSIterator
instanceKlass com/sun/xml/internal/bind/v2/runtime/reflect/Lister$CollectionLister$1
instanceKlass org/xml/sax/helpers/LocatorImpl
instanceKlass org/xml/sax/Locator
instanceKlass com/sun/xml/internal/bind/util/AttributesImpl
instanceKlass com/sun/xml/internal/bind/v2/runtime/output/XmlOutputAbstractImpl
instanceKlass com/sun/xml/internal/bind/v2/runtime/output/XmlOutput
instanceKlass org/xml/sax/helpers/AttributesImpl
instanceKlass org/xml/sax/Attributes
instanceKlass org/xml/sax/helpers/XMLFilterImpl
instanceKlass org/xml/sax/ContentHandler
instanceKlass org/xml/sax/DTDHandler
instanceKlass org/xml/sax/EntityResolver
instanceKlass org/xml/sax/XMLFilter
instanceKlass org/xml/sax/XMLReader
instanceKlass com/sun/xml/internal/bind/marshaller/MinimumEscapeHandler
instanceKlass com/sun/xml/internal/bind/marshaller/CharacterEscapeHandler
instanceKlass javax/xml/transform/dom/DOMResult
instanceKlass javax/xml/transform/sax/SAXResult
instanceKlass javax/xml/transform/stream/StreamResult
instanceKlass javax/xml/transform/Result
instanceKlass com/sun/xml/internal/bind/v2/runtime/output/NamespaceContextImpl$Element
instanceKlass com/mathworks/beans/EnumPair
instanceKlass com/sun/xml/internal/bind/marshaller/NamespacePrefixMapper
instanceKlass com/sun/xml/internal/bind/v2/runtime/output/NamespaceContextImpl
instanceKlass com/sun/xml/internal/bind/v2/runtime/NamespaceContext2
instanceKlass javax/xml/namespace/NamespaceContext
instanceKlass com/sun/xml/internal/bind/v2/runtime/output/Pcdata
instanceKlass com/mathworks/jmi/bean/UDDMethodDescription
instanceKlass com/sun/xml/internal/bind/v2/runtime/Coordinator
instanceKlass org/xml/sax/ErrorHandler
instanceKlass com/mathworks/jmi/bean/UDDPropertyDescription
instanceKlass javax/xml/bind/helpers/DefaultValidationEventHandler
instanceKlass javax/xml/bind/helpers/AbstractMarshallerImpl
instanceKlass javax/xml/bind/ValidationEventHandler
instanceKlass com/sun/xml/internal/bind/v2/runtime/NameList
instanceKlass com/sun/xml/internal/bind/v2/runtime/unmarshaller/ChildLoader
instanceKlass com/mathworks/jmi/bean/UDDBeanClass
instanceKlass com/mathworks/jmi/bean/OpCode
instanceKlass com/sun/xml/internal/bind/v2/runtime/property/ArrayERProperty$ReceiverImpl
instanceKlass com/sun/xml/internal/bind/v2/runtime/unmarshaller/StructureLoader$1
instanceKlass com/sun/xml/internal/bind/v2/runtime/property/UnmarshallerChain
instanceKlass com/mathworks/jmi/bean/ClassFileConstants
instanceKlass javax/xml/bind/annotation/W3CDomHandler
instanceKlass javax/xml/bind/annotation/DomHandler
instanceKlass com/sun/xml/internal/bind/v2/model/runtime/RuntimeArrayInfo
instanceKlass com/sun/xml/internal/bind/v2/model/core/ArrayInfo
instanceKlass com/mathworks/jmi/bean/UDDListener
instanceKlass com/sun/xml/internal/bind/v2/runtime/ElementBeanInfoImpl$1
instanceKlass javax/xml/bind/JAXBElement
instanceKlass com/sun/xml/internal/bind/v2/runtime/property/TagAndType
instanceKlass com/sun/xml/internal/bind/v2/runtime/LifecycleMethods
instanceKlass com/sun/xml/internal/bind/v2/model/runtime/RuntimeElementInfo
instanceKlass com/sun/xml/internal/bind/v2/model/core/ElementInfo
instanceKlass com/sun/xml/internal/bind/v2/ClassFactory
instanceKlass com/sun/xml/internal/bind/v2/runtime/reflect/Utils$1
instanceKlass com/sun/xml/internal/bind/v2/runtime/reflect/Utils
instanceKlass com/sun/xml/internal/bind/v2/runtime/reflect/Lister$2
instanceKlass com/sun/xml/internal/bind/v2/runtime/reflect/ListIterator
instanceKlass com/sun/xml/internal/bind/v2/runtime/reflect/Lister
instanceKlass com/sun/xml/internal/bind/v2/runtime/property/Utils$1
instanceKlass com/sun/xml/internal/bind/v2/runtime/property/Utils
instanceKlass com/sun/xml/internal/bind/v2/runtime/reflect/opt/OptimizedTransducedAccessorFactory
instanceKlass com/sun/xml/internal/bind/v2/runtime/reflect/TransducedAccessor
instanceKlass com/sun/xml/internal/bind/v2/runtime/reflect/opt/Injector$1
instanceKlass java/lang/AssertionStatusDirectives
instanceKlass java/util/concurrent/locks/ReentrantReadWriteLock$WriteLock
instanceKlass java/util/concurrent/locks/ReentrantReadWriteLock$ReadLock
instanceKlass java/util/concurrent/locks/ReentrantReadWriteLock
instanceKlass java/util/concurrent/locks/ReadWriteLock
instanceKlass com/sun/xml/internal/bind/v2/runtime/reflect/opt/Injector
instanceKlass com/sun/xml/internal/bind/v2/runtime/reflect/opt/SecureLoader
instanceKlass com/sun/xml/internal/bind/v2/runtime/reflect/opt/AccessorInjector
instanceKlass com/sun/xml/internal/bind/v2/runtime/reflect/opt/Ref
instanceKlass com/sun/xml/internal/bind/v2/runtime/reflect/opt/Bean
instanceKlass com/sun/xml/internal/bind/v2/bytecode/ClassTailor
instanceKlass com/sun/xml/internal/bind/v2/runtime/reflect/opt/OptimizedAccessorFactory
instanceKlass com/sun/xml/internal/bind/v2/runtime/Name
instanceKlass com/sun/xml/internal/bind/v2/runtime/property/PropertyFactory$1
instanceKlass com/sun/xml/internal/bind/v2/model/runtime/RuntimeMapPropertyInfo
instanceKlass com/sun/xml/internal/bind/v2/model/core/MapPropertyInfo
instanceKlass com/sun/xml/internal/bind/v2/model/runtime/RuntimeReferencePropertyInfo
instanceKlass com/sun/xml/internal/bind/v2/model/core/ReferencePropertyInfo
instanceKlass com/sun/xml/internal/bind/v2/runtime/property/PropertyFactory
instanceKlass com/sun/xml/internal/bind/v2/runtime/property/PropertyImpl
instanceKlass com/sun/xml/internal/bind/v2/runtime/property/Property
instanceKlass com/sun/xml/internal/bind/v2/runtime/property/StructureLoaderBuilder
instanceKlass com/sun/xml/internal/bind/v2/runtime/AttributeAccessor
instanceKlass com/sun/xml/internal/bind/v2/runtime/unmarshaller/Loader
instanceKlass javax/xml/bind/Marshaller
instanceKlass javax/xml/bind/Unmarshaller
instanceKlass com/sun/xml/internal/bind/v2/runtime/JaxBeanInfo
instanceKlass com/sun/xml/internal/bind/v2/util/FlattenIterator
instanceKlass javax/xml/bind/annotation/XmlSeeAlso
instanceKlass java/util/Collections$1
instanceKlass com/sun/xml/internal/bind/v2/model/runtime/RuntimeAttributePropertyInfo
instanceKlass com/sun/xml/internal/bind/v2/model/core/AttributePropertyInfo
instanceKlass com/sun/xml/internal/bind/v2/model/impl/TypeRefImpl
instanceKlass com/sun/xml/internal/bind/v2/model/runtime/RuntimeTypeRef
instanceKlass com/sun/xml/internal/bind/v2/model/runtime/RuntimeNonElementRef
instanceKlass com/sun/xml/internal/bind/v2/model/core/TypeRef
instanceKlass com/sun/xml/internal/bind/v2/model/core/NonElementRef
instanceKlass java/util/TreeMap$PrivateEntryIterator
instanceKlass java/util/NavigableSet
instanceKlass java/util/SortedSet
instanceKlass com/sun/xml/internal/bind/v2/TODO
instanceKlass com/sun/xml/internal/bind/v2/model/nav/ParameterizedTypeImpl
instanceKlass java/lang/reflect/WildcardType
instanceKlass com/sun/xml/internal/bind/v2/model/nav/ReflectionNavigator$BinderArg
instanceKlass sun/reflect/generics/reflectiveObjects/LazyReflectiveObjectGenerator
instanceKlass java/lang/reflect/TypeVariable
instanceKlass sun/reflect/generics/tree/TypeVariableSignature
instanceKlass sun/reflect/generics/tree/ClassSignature
instanceKlass sun/reflect/generics/tree/Signature
instanceKlass sun/reflect/generics/tree/FormalTypeParameter
instanceKlass sun/reflect/generics/reflectiveObjects/ParameterizedTypeImpl
instanceKlass java/lang/reflect/ParameterizedType
instanceKlass com/sun/xml/internal/bind/v2/model/annotation/SecureLoader
instanceKlass javax/xml/bind/annotation/XmlElement$DEFAULT
instanceKlass com/sun/xml/internal/bind/annotation/XmlLocation
instanceKlass javax/xml/bind/annotation/XmlSchemaTypes
instanceKlass javax/xml/bind/annotation/adapters/XmlJavaTypeAdapters
instanceKlass com/sun/xml/internal/bind/v2/model/impl/Util
instanceKlass com/sun/xml/internal/bind/v2/model/impl/PropertyInfoImpl
instanceKlass com/sun/xml/internal/bind/v2/model/runtime/RuntimeElementPropertyInfo
instanceKlass com/sun/xml/internal/bind/v2/model/runtime/RuntimePropertyInfo
instanceKlass com/sun/xml/internal/bind/v2/model/core/ElementPropertyInfo
instanceKlass com/sun/xml/internal/bind/v2/model/core/PropertyInfo
instanceKlass com/sun/xml/internal/bind/v2/model/impl/ClassInfoImpl$1
