JvmtiExport can_access_local_variables 0
JvmtiExport can_hotswap_or_post_breakpoint 0
JvmtiExport can_post_on_exceptions 0
# 163 ciObject found
ciMethod java/lang/Object <init> ()V 4097 1 61999 0 -1
ciMethod java/lang/String <init> ([CII)V 4097 1 10769 0 -1
ciMethod java/lang/String length ()I 4097 1 24618 0 -1
ciMethod java/lang/String charAt (I)C 4097 1 274596 0 -1
ciMethod java/lang/String startsWith (Ljava/lang/String;I)Z 4097 1 6822 0 -1
ciMethod java/lang/String startsWith (Ljava/lang/String;)Z 4097 1 9554 0 -1
ciMethod java/lang/String endsWith (Ljava/lang/String;)Z 4097 1 3415 0 -1
ciMethod java/lang/String indexOf (I)I 4097 1 10455 0 -1
ciMethod java/lang/String indexOf (II)I 1673 65537 3252 0 -1
ciMethod java/lang/String lastIndexOf (I)I 4097 1 3070 0 -1
ciMethod java/lang/String lastIndexOf (II)I 1625 106497 820 0 -1
ciMethod java/lang/String indexOf (Ljava/lang/String;)I 2049 1 974 0 -1
ciMethod java/lang/String indexOf (Ljava/lang/String;I)I 4097 1 2915 0 -1
ciMethod java/lang/String indexOf ([CII[CIII)I 1609 98305 2275 0 -1
ciMethod java/lang/String substring (I)Ljava/lang/String; 4097 1 1269 0 -1
ciMethod java/lang/String substring (II)Ljava/lang/String; 4097 1 5668 0 -1
ciMethod java/lang/AbstractStringBuilder <init> (I)V 4097 1 9063 0 -1
ciMethod java/lang/AbstractStringBuilder append (Ljava/lang/String;)Ljava/lang/AbstractStringBuilder; 4097 1 5691 0 -1
ciMethod java/lang/AbstractStringBuilder append (I)Ljava/lang/AbstractStringBuilder; 0 0 53 0 -1
ciMethod java/lang/StringBuilder <init> ()V 4097 1 5473 0 -1
ciMethod java/lang/StringBuilder append (Ljava/lang/String;)Ljava/lang/StringBuilder; 4097 1 10080 0 -1
ciMethod java/lang/StringBuilder append (I)Ljava/lang/StringBuilder; 0 0 53 0 -1
ciMethod java/lang/StringBuilder toString ()Ljava/lang/String; 4097 1 5685 0 -1
ciMethod java/net/URL getQuery ()Ljava/lang/String; 1025 1 128 0 -1
ciMethod java/net/URL getPath ()Ljava/lang/String; 1049 1 131 0 -1
ciMethod java/net/URL getUserInfo ()Ljava/lang/String; 1033 1 129 0 -1
ciMethod java/net/URL getAuthority ()Ljava/lang/String; 1025 1 128 0 -1
ciMethod java/net/URL getPort ()I 1033 1 129 0 -1
ciMethod java/net/URL getProtocol ()Ljava/lang/String; 1041 1 130 0 -1
ciMethod java/net/URL getHost ()Ljava/lang/String; 1065 1 133 0 -1
ciMethod java/net/URL getRef ()Ljava/lang/String; 1033 1 129 0 -1
ciMethod java/lang/Integer parseInt (Ljava/lang/String;I)I 833 1697 1654 0 -1
ciMethod java/lang/Integer parseInt (Ljava/lang/String;)I 17 1 2 0 -1
ciMethod java/lang/IllegalArgumentException <init> (Ljava/lang/String;)V 17 1 2 0 -1
ciMethodData java/lang/String charAt (I)C 2 274596 orig 264 88 115 76 118 0 0 0 0 176 61 203 115 0 0 0 0 120 1 0 0 32 0 0 0 0 0 0 0 0 0 0 0 0 0 0 0 0 0 0 0 0 0 0 0 0 0 0 0 0 0 0 0 0 0 0 0 0 0 0 0 0 0 0 0 0 0 0 0 0 0 0 0 0 0 0 0 0 0 0 0 77 68 79 32 101 120 116 114 97 32 100 97 116 97 32 108 111 99 107 0 0 0 0 0 0 0 0 0 0 0 0 0 0 0 0 0 0 0 0 0 0 0 0 0 0 0 0 0 0 0 0 0 0 0 0 0 0 0 0 0 0 0 0 0 0 0 0 0 0 0 0 0 0 0 0 0 0 0 0 0 0 0 0 0 0 0 0 0 0 0 0 0 0 0 0 0 0 0 0 0 0 0 0 0 25 0 0 0 0 0 0 0 0 0 0 0 0 0 0 0 1 0 0 0 0 0 0 0 0 0 0 0 0 0 0 0 0 2 0 0 33 117 33 0 1 0 0 0 0 0 0 0 0 0 0 0 2 0 0 0 0 0 0 0 0 0 0 0 80 0 0 0 255 255 255 255 7 0 1 0 0 0 0 0 data 10 0x10007 0x0 0x40 0x42ea4 0xa0007 0x42ea4 0x30 0x0 0x120002 0x0 oops 0
ciMethodData java/lang/Object <init> ()V 2 61999 orig 264 88 115 76 118 0 0 0 0 128 4 203 115 0 0 0 0 32 1 0 0 0 0 0 0 0 0 0 0 0 0 0 0 0 0 0 0 0 0 0 0 0 0 0 0 0 0 0 0 0 0 0 0 0 0 0 0 0 0 0 0 0 0 0 0 0 0 0 0 0 0 0 0 0 0 0 0 0 0 0 0 77 68 79 32 101 120 116 114 97 32 100 97 116 97 32 108 111 99 107 0 0 0 0 0 0 0 0 0 0 0 0 0 0 0 0 0 0 0 0 0 0 0 0 0 0 0 0 0 0 0 0 0 0 0 0 0 0 0 0 0 0 0 0 0 0 0 0 0 0 0 0 0 0 0 0 0 0 0 0 0 0 0 0 0 0 0 0 0 0 0 0 0 0 0 0 0 0 0 0 0 0 0 0 0 1 0 0 0 0 0 0 0 1 0 0 0 0 0 0 0 1 0 0 0 0 0 0 0 0 0 0 0 0 0 0 0 0 2 0 0 121 129 7 0 1 0 0 0 0 0 0 0 0 0 0 0 2 0 0 0 0 0 0 0 0 0 0 0 0 0 0 0 255 255 255 255 0 0 0 0 0 0 0 0 data 0 oops 0
ciMethod java/net/URLStreamHandler parseURL (Ljava/net/URL;Ljava/lang/String;II)V 2057 161 257 0 -1
ciMethod java/net/URLStreamHandler setURL (Ljava/net/URL;Ljava/lang/String;Ljava/lang/String;ILjava/lang/String;Ljava/lang/String;Ljava/lang/String;Ljava/lang/String;Ljava/lang/String;)V 2049 1 498 0 -1
ciMethodData java/lang/String indexOf (Ljava/lang/String;I)I 2 2915 orig 264 88 115 76 118 0 0 0 0 240 85 203 115 0 0 0 0 104 1 0 0 0 0 0 0 0 0 0 0 0 0 0 0 0 0 0 0 0 0 0 0 0 0 0 0 0 0 0 0 0 0 0 0 0 0 0 0 0 0 0 0 0 0 0 0 0 0 0 0 0 0 0 0 0 0 0 0 0 0 0 0 77 68 79 32 101 120 116 114 97 32 100 97 116 97 32 108 111 99 107 0 0 0 0 0 0 0 0 0 0 0 0 0 0 0 0 0 0 0 0 0 0 0 0 0 0 0 0 0 0 0 0 0 0 0 0 0 0 0 0 0 0 0 0 0 0 0 0 0 0 0 0 0 0 0 0 0 0 0 0 0 0 0 0 0 0 0 0 0 0 0 0 0 0 0 0 0 0 0 0 0 0 0 0 0 0 0 0 0 0 0 0 0 0 0 0 0 0 0 0 0 0 0 0 0 0 0 0 0 0 0 0 0 0 0 0 0 0 2 0 0 25 75 0 0 1 0 0 0 0 0 0 0 0 0 0 0 2 0 0 0 0 0 3 0 2 0 0 0 16 0 0 0 255 255 255 255 2 0 21 0 0 0 0 0 data 2 0x150002 0x963 oops 0
ciMethodData java/lang/String length ()I 2 24618 orig 264 88 115 76 118 0 0 0 0 96 60 203 115 0 0 0 0 32 1 0 0 0 0 0 0 0 0 0 0 0 0 0 0 0 0 0 0 0 0 0 0 0 0 0 0 0 0 0 0 0 0 0 0 0 0 0 0 0 0 0 0 0 0 0 0 0 0 0 0 0 0 0 0 0 0 0 0 0 0 0 0 77 68 79 32 101 120 116 114 97 32 100 97 116 97 32 108 111 99 107 0 0 0 0 0 0 0 0 0 0 0 0 0 0 0 0 0 0 0 0 0 0 0 0 0 0 0 0 0 0 0 0 0 0 0 0 0 0 0 0 0 0 0 0 0 0 0 0 0 0 0 0 0 0 0 0 0 0 0 0 0 0 0 0 0 0 0 0 0 0 0 0 0 0 0 0 0 0 0 0 0 0 0 0 0 1 0 0 0 0 0 0 0 0 0 0 0 0 0 0 0 1 0 0 0 0 0 0 0 0 0 0 0 0 0 0 0 0 2 0 0 81 241 2 0 1 0 0 0 0 0 0 0 0 0 0 0 2 0 0 0 0 0 0 0 0 0 0 0 0 0 0 0 255 255 255 255 0 0 0 0 0 0 0 0 data 0 oops 0
ciMethodData java/lang/String <init> ([CII)V 2 10769 orig 264 88 115 76 118 0 0 0 0 160 49 203 115 0 0 0 0 80 2 0 0 64 0 0 0 0 0 0 0 0 0 0 0 0 0 0 0 0 0 0 0 0 0 0 0 0 0 0 0 0 0 0 0 0 0 0 0 0 0 0 0 0 0 0 0 0 0 0 0 0 0 0 0 0 0 0 0 0 0 0 0 77 68 79 32 101 120 116 114 97 32 100 97 116 97 32 108 111 99 107 0 0 0 0 0 0 0 0 0 0 0 0 0 0 0 0 0 0 0 0 0 0 0 0 0 0 0 0 0 0 0 0 0 0 0 0 0 0 0 0 0 0 0 0 0 1 0 0 0 0 0 0 0 0 0 0 0 0 0 0 0 0 0 0 0 0 0 0 0 0 0 0 0 0 0 0 0 0 0 0 1 0 0 0 0 0 0 0 0 0 0 0 0 0 0 0 0 0 0 0 0 0 0 0 0 0 0 0 0 0 0 0 0 0 0 0 0 0 2 0 0 137 64 1 0 1 0 0 0 34 20 0 0 0 0 0 0 2 0 0 0 0 0 14 0 2 0 0 0 240 0 0 0 255 255 255 255 2 0 1 0 0 0 0 0 data 30 0x10002 0x2811 0x50007 0x2811 0x30 0x0 0xd0002 0x0 0x12e007 0x280e 0x70 0x4 0x160007 0x4 0x30 0x0 0x1e0002 0x0 0x250007 0x0 0x20 0x4 0x370007 0x280e 0x30 0x0 0x410002 0x0 0x4b0002 0x280e oops 0
ciMethodData java/lang/String substring (II)Ljava/lang/String; 2 5668 orig 264 88 115 76 118 0 0 0 0 184 92 203 115 0 0 0 0 40 2 0 0 208 0 0 0 0 0 0 0 0 0 0 0 0 0 0 0 0 0 0 0 0 0 0 0 0 0 0 0 0 0 0 0 0 0 0 0 0 0 0 0 0 0 0 0 0 0 0 0 0 0 0 0 0 0 0 0 0 0 0 0 77 68 79 32 101 120 116 114 97 32 100 97 116 97 32 108 111 99 107 0 0 0 0 0 0 0 0 0 0 0 0 0 0 0 0 0 0 0 0 0 0 0 0 0 0 0 0 0 0 0 0 0 0 0 0 0 0 0 0 0 0 0 0 0 0 0 0 0 0 0 0 0 0 0 0 0 0 0 0 0 0 0 0 0 0 0 0 0 0 0 0 0 0 0 0 0 0 0 0 0 0 0 0 0 25 0 0 0 0 0 0 0 0 0 0 0 0 0 0 0 0 0 0 0 0 0 0 0 0 0 0 0 0 0 0 0 0 2 0 0 33 161 0 0 1 0 0 0 0 0 0 0 0 0 0 0 2 0 0 0 0 0 15 0 2 0 0 0 248 0 0 0 255 255 255 255 7 0 1 0 0 0 0 0 data 31 0x10007 0x1424 0x30 0x0 0x90002 0x0 0x130007 0x1424 0x30 0x0 0x1b0002 0x0 0x240007 0x1424 0x30 0x0 0x2c0002 0x0 0x310007 0xac1 0x58 0x963 0x3a0007 0x84b 0x38 0x118 0x3e0003 0x118 0x28 0x4b0002 0x130c oops 0
ciMethodData java/lang/StringBuilder append (Ljava/lang/String;)Ljava/lang/StringBuilder; 2 10080 orig 264 88 115 76 118 0 0 0 0 72 146 210 115 0 0 0 0 56 1 0 0 0 0 0 0 0 0 0 0 0 0 0 0 0 0 0 0 0 0 0 0 0 0 0 0 0 0 0 0 0 0 0 0 0 0 0 0 0 0 0 0 0 0 0 0 0 0 0 0 0 0 0 0 0 0 0 0 0 0 0 0 77 68 79 32 101 120 116 114 97 32 100 97 116 97 32 108 111 99 107 0 0 0 0 0 0 0 0 0 0 0 0 0 0 0 0 0 0 0 0 0 0 0 0 0 0 0 0 0 0 0 0 0 0 0 0 0 0 0 0 0 0 0 0 0 0 0 0 0 0 0 0 0 0 0 0 0 0 0 0 0 0 0 0 0 0 0 0 0 0 0 0 0 0 0 0 0 0 0 0 0 0 0 0 0 19 0 0 0 0 0 0 0 0 0 0 0 0 0 0 0 2 0 0 0 0 0 0 0 1 0 0 0 0 0 0 0 0 2 0 0 1 43 1 0 1 0 0 0 0 0 0 0 0 0 0 0 2 0 0 0 0 0 3 0 2 0 0 0 16 0 0 0 255 255 255 255 2 0 2 0 0 0 0 0 data 2 0x20002 0x2560 oops 0
ciMethodData java/lang/AbstractStringBuilder append (Ljava/lang/String;)Ljava/lang/AbstractStringBuilder; 2 5691 orig 264 88 115 76 118 0 0 